#
# A fatal error has been detected by the Java Runtime Environment:
#
#  EXCEPTION_ACCESS_VIOLATION (0xc0000005) at pc=0x000000005f7bb7b0, pid=5428, tid=0x00000000000018ec
#
# JRE version: OpenJDK Runtime Environment (8.0_242-b01) (build 1.8.0_242-release-1644-b01)
# Java VM: OpenJDK 64-Bit Server VM (25.242-b01 mixed mode windows-amd64 compressed oops)
# Problematic frame:
# V  [jvm.dll+0x8b7b0]
#
# Failed to write core dump. Minidumps are not enabled by default on client versions of Windows
#
# If you would like to submit a bug report, please visit:
#   
#

---------------  T H R E A D  ---------------

Current thread (0x0000000003034800):  GCTaskThread [stack: 0x0000000013290000,0x0000000013390000] [id=6380]

siginfo: ExceptionCode=0xc0000005, reading address 0x000000072fbaade0

Registers:
RAX=0x0000000000000000, RBX=0x00000000ecb1f5e0, RCX=0x00000000ecb1f5e0, RDX=0x000000072fbaadd8
RSP=0x000000001338f9a8, RBP=0x00000000124f3401, RSI=0x0000000018174c40, RDI=0x0000000084680018
R8 =0x0000000018174c40, R9 =0x000000000000003a, R10=0x0000000000000008, R11=0x00000000e64dc978
R12=0x00000000124f3381, R13=0x00000000ec5ba088, R14=0x0000000000000000, R15=0x000000000301d5b0
RIP=0x000000005f7bb7b0, EFLAGS=0x0000000000010206

Top of Stack: (sp=0x000000001338f9a8)
0x000000001338f9a8:   000000005fb027b2 00000000ed1e1ba8
0x000000001338f9b8:   0000000000000002 0000000018174c40
0x000000001338f9c8:   00000000ee4eca18 00000000e64d4988
0x000000001338f9d8:   0000000000001000 0000000018174c40
0x000000001338f9e8:   000000005f81e3a3 0000000000000000
0x000000001338f9f8:   0000000018174c00 00000000124f3381
0x000000001338fa08:   000000005fb02b20 0000000084670dac
0x000000001338fa18:   00000000124f3401 0000000018174c40
0x000000001338fa28:   0000000084680018 0000000084670dac
0x000000001338fa38:   000000005fb036c5 00000000ed5145d8
0x000000001338fa48:   00000000124f2801 0000000018174c40
0x000000001338fa58:   0000000000000003 0000000018174c40
0x000000001338fa68:   000000005f7f785a 00000000830fc104
0x000000001338fa78:   000000005f81fcc7 0000000018174c40
0x000000001338fa88:   000000005f81e3a3 000000008467bec9
0x000000001338fa98:   000000008467bec9 000000008467ffc8 

Instructions: (pc=0x000000005f7bb7b0)
0x000000005f7bb790:   1c 8f 1d 00 48 8b 9c 24 c0 00 00 00 48 81 c4 b0
0x000000005f7bb7a0:   00 00 00 5d c3 cc cc cc cc cc cc cc cc cc cc cc
0x000000005f7bb7b0:   44 8b 42 08 4c 8b ca 45 85 c0 7e 0e 41 f6 c0 01
0x000000005f7bb7c0:   75 57 41 c1 f8 03 41 8b c0 c3 79 4d 80 3d 7e 97 


Register to memory mapping:

RAX=0x0000000000000000 is an unknown value
RBX=0x00000000ecb1f5e0 is an oop

[error occurred during error reporting (printing register info), id 0xc0000005]

Stack: [0x0000000013290000,0x0000000013390000],  sp=0x000000001338f9a8,  free space=1022k
Native frames: (J=compiled Java code, j=interpreted, Vv=VM code, C=native code)
V  [jvm.dll+0x8b7b0]


---------------  P R O C E S S  ---------------

Java Threads: ( => current thread )
  0x000000001f6a9800 JavaThread "Cache worker for cache directory md-rule (C:\Users\ASUS\.gradle\caches\6.5\md-rule)" [_thread_blocked, id=5216, stack(0x0000000021450000,0x0000000021550000)]
  0x000000001f6a6800 JavaThread "Cache worker for cache directory md-supplier (C:\Users\ASUS\.gradle\caches\6.5\md-supplier)" [_thread_blocked, id=11864, stack(0x0000000021150000,0x0000000021250000)]
  0x000000001f6a8800 JavaThread "Cache worker for checksums cache (C:\Users\ASUS\AndroidStudioProjects\.gradle\checksums)" [_thread_blocked, id=12156, stack(0x000000001e9b0000,0x000000001eab0000)]
  0x000000001f69f000 JavaThread "Cache worker for file hash cache (C:\Users\ASUS\AndroidStudioProjects\.gradle\6.5\fileHashes)" [_thread_blocked, id=8380, stack(0x000000001e6b0000,0x000000001e7b0000)]
  0x000000001f6a5800 JavaThread "Thread-913" [_thread_blocked, id=9604, stack(0x000000001e5b0000,0x000000001e6b0000)]
  0x000000001f6a2000 JavaThread "Stdin handler" [_thread_blocked, id=4520, stack(0x000000001e2b0000,0x000000001e3b0000)]
  0x000000001f6a1000 JavaThread "Asynchronous log dispatcher for DefaultDaemonConnection: socket connection from /127.0.0.1:62696 to /127.0.0.1:58360" [_thread_blocked, id=5632, stack(0x000000001e1b0000,0x000000001e2b0000)]
  0x000000001f69c800 JavaThread "Cancel handler" [_thread_blocked, id=11380, stack(0x000000001dd60000,0x000000001de60000)]
  0x000000001f6a0800 JavaThread "Handler for socket connection from /127.0.0.1:62696 to /127.0.0.1:58360" [_thread_in_native, id=412, stack(0x0000000001560000,0x0000000001660000)]
  0x000000001f69e000 JavaThread "RMI TCP Connection(25)-127.0.0.1" daemon [_thread_in_native, id=10484, stack(0x0000000001460000,0x0000000001560000)]
  0x000000001f6a2800 JavaThread "ForkJoinPool.commonPool-worker-4" daemon [_thread_blocked, id=9044, stack(0x0000000032ce0000,0x0000000032de0000)]
  0x000000001f69f800 JavaThread "ForkJoinPool.commonPool-worker-3" daemon [_thread_blocked, id=3680, stack(0x0000000032be0000,0x0000000032ce0000)]
  0x000000001f6a3800 JavaThread "ForkJoinPool.commonPool-worker-1" daemon [_thread_blocked, id=5748, stack(0x0000000031460000,0x0000000031560000)]
  0x0000000020aef000 JavaThread "RMI TCP Connection(idle)" daemon [_thread_blocked, id=1676, stack(0x00000000317c0000,0x00000000318c0000)]
  0x0000000023c78000 JavaThread "jar transforms Thread 684" [_thread_blocked, id=8136, stack(0x000000002bfb0000,0x000000002c0b0000)]
  0x0000000023c79800 JavaThread "jar transforms Thread 683" [_thread_blocked, id=7820, stack(0x000000002beb0000,0x000000002bfb0000)]
  0x0000000023c78800 JavaThread "jar transforms Thread 682" [_thread_blocked, id=3796, stack(0x000000002bdb0000,0x000000002beb0000)]
  0x0000000023c77000 JavaThread "jar transforms Thread 681" [_thread_blocked, id=7172, stack(0x000000002bcb0000,0x000000002bdb0000)]
  0x0000000023c74000 JavaThread "jar transforms Thread 680" [_thread_blocked, id=7412, stack(0x000000002bbb0000,0x000000002bcb0000)]
  0x0000000023c6c800 JavaThread "jar transforms Thread 679" [_thread_blocked, id=10364, stack(0x000000002bab0000,0x000000002bbb0000)]
  0x0000000023c6d800 JavaThread "jar transforms Thread 678" [_thread_blocked, id=8700, stack(0x000000002b9b0000,0x000000002bab0000)]
  0x0000000023c73800 JavaThread "jar transforms Thread 677" [_thread_blocked, id=9628, stack(0x000000002b7b0000,0x000000002b8b0000)]
  0x0000000023c6c000 JavaThread "jar transforms Thread 676" [_thread_blocked, id=10396, stack(0x000000002b6b0000,0x000000002b7b0000)]
  0x0000000023c71000 JavaThread "jar transforms Thread 675" [_thread_blocked, id=6644, stack(0x000000002b5b0000,0x000000002b6b0000)]
  0x0000000023c70800 JavaThread "jar transforms Thread 674" [_thread_blocked, id=1228, stack(0x000000002b4b0000,0x000000002b5b0000)]
  0x0000000023c6b000 JavaThread "jar transforms Thread 673" [_thread_blocked, id=9972, stack(0x000000002b3b0000,0x000000002b4b0000)]
  0x0000000023c6e000 JavaThread "jar transforms Thread 672" [_thread_blocked, id=1536, stack(0x000000002b2b0000,0x000000002b3b0000)]
  0x0000000023c72000 JavaThread "jar transforms Thread 671" [_thread_blocked, id=11960, stack(0x000000002b1b0000,0x000000002b2b0000)]
  0x0000000023c6f800 JavaThread "jar transforms Thread 670" [_thread_blocked, id=11200, stack(0x000000002b0b0000,0x000000002b1b0000)]
  0x0000000023c6f000 JavaThread "jar transforms Thread 669" [_thread_blocked, id=5896, stack(0x000000002afb0000,0x000000002b0b0000)]
  0x000000001f398000 JavaThread "jar transforms Thread 668" [_thread_blocked, id=2120, stack(0x000000002aeb0000,0x000000002afb0000)]
  0x000000001f397000 JavaThread "jar transforms Thread 667" [_thread_blocked, id=2408, stack(0x000000002adb0000,0x000000002aeb0000)]
  0x000000001f395800 JavaThread "jar transforms Thread 666" [_thread_blocked, id=1164, stack(0x000000002acb0000,0x000000002adb0000)]
  0x000000001f395000 JavaThread "jar transforms Thread 665" [_thread_blocked, id=10036, stack(0x000000002abb0000,0x000000002acb0000)]
  0x000000001f38d800 JavaThread "jar transforms Thread 664" [_thread_blocked, id=7128, stack(0x000000002aab0000,0x000000002abb0000)]
  0x000000001f394000 JavaThread "jar transforms Thread 663" [_thread_blocked, id=6772, stack(0x000000002a9b0000,0x000000002aab0000)]
  0x000000001f38c800 JavaThread "jar transforms Thread 662" [_thread_blocked, id=2140, stack(0x000000002a8b0000,0x000000002a9b0000)]
  0x000000001f393800 JavaThread "jar transforms Thread 661" [_thread_blocked, id=10292, stack(0x000000002a7b0000,0x000000002a8b0000)]
  0x000000001f392800 JavaThread "jar transforms Thread 660" [_thread_blocked, id=2780, stack(0x000000002a6b0000,0x000000002a7b0000)]
  0x000000001f392000 JavaThread "jar transforms Thread 659" [_thread_blocked, id=5612, stack(0x000000002a5b0000,0x000000002a6b0000)]
  0x000000001f391000 JavaThread "jar transforms Thread 658" [_thread_blocked, id=11288, stack(0x000000002a4b0000,0x000000002a5b0000)]
  0x000000001f38f800 JavaThread "jar transforms Thread 657" [_thread_blocked, id=6584, stack(0x000000002a3b0000,0x000000002a4b0000)]
  0x000000001f390800 JavaThread "jar transforms Thread 656" [_thread_blocked, id=7812, stack(0x000000002a2b0000,0x000000002a3b0000)]
  0x000000001f38f000 JavaThread "jar transforms Thread 655" [_thread_blocked, id=11796, stack(0x000000002a1b0000,0x000000002a2b0000)]
  0x000000001f38b000 JavaThread "jar transforms Thread 654" [_thread_blocked, id=1852, stack(0x000000002a0b0000,0x000000002a1b0000)]
  0x000000001f38a800 JavaThread "jar transforms Thread 653" [_thread_blocked, id=1740, stack(0x0000000029fb0000,0x000000002a0b0000)]
  0x000000001f38e000 JavaThread "jar transforms Thread 652" [_thread_blocked, id=5636, stack(0x0000000029eb0000,0x0000000029fb0000)]
  0x000000001f38c000 JavaThread "jar transforms Thread 651" [_thread_blocked, id=5592, stack(0x0000000029db0000,0x0000000029eb0000)]
  0x000000001f389800 JavaThread "jar transforms Thread 650" [_thread_blocked, id=9140, stack(0x0000000029cb0000,0x0000000029db0000)]
  0x0000000021d93800 JavaThread "jar transforms Thread 649" [_thread_blocked, id=2156, stack(0x0000000029bb0000,0x0000000029cb0000)]
  0x0000000021d8c000 JavaThread "jar transforms Thread 648" [_thread_blocked, id=6556, stack(0x0000000029ab0000,0x0000000029bb0000)]
  0x0000000021d93000 JavaThread "jar transforms Thread 647" [_thread_blocked, id=11680, stack(0x00000000299b0000,0x0000000029ab0000)]
  0x0000000021d92000 JavaThread "jar transforms Thread 646" [_thread_blocked, id=10436, stack(0x00000000298b0000,0x00000000299b0000)]
  0x0000000021d91800 JavaThread "jar transforms Thread 645" [_thread_blocked, id=5088, stack(0x00000000297b0000,0x00000000298b0000)]
  0x0000000021d8a800 JavaThread "jar transforms Thread 644" [_thread_blocked, id=10780, stack(0x00000000296b0000,0x00000000297b0000)]
  0x0000000021d90800 JavaThread "jar transforms Thread 643" [_thread_blocked, id=7856, stack(0x00000000295b0000,0x00000000296b0000)]
  0x0000000021d8a000 JavaThread "jar transforms Thread 642" [_thread_blocked, id=5688, stack(0x00000000294b0000,0x00000000295b0000)]
  0x0000000021d88800 JavaThread "jar transforms Thread 641" [_thread_blocked, id=5344, stack(0x00000000293b0000,0x00000000294b0000)]
  0x0000000021d8f000 JavaThread "jar transforms Thread 640" [_thread_blocked, id=3236, stack(0x00000000292b0000,0x00000000293b0000)]
  0x0000000021d8d000 JavaThread "jar transforms Thread 639" [_thread_blocked, id=3700, stack(0x00000000291b0000,0x00000000292b0000)]
  0x0000000021d87800 JavaThread "jar transforms Thread 638" [_thread_blocked, id=3192, stack(0x00000000290b0000,0x00000000291b0000)]
  0x0000000021d8d800 JavaThread "jar transforms Thread 637" [_thread_blocked, id=9616, stack(0x0000000028fb0000,0x00000000290b0000)]
  0x0000000021d84800 JavaThread "jar transforms Thread 636" [_thread_blocked, id=6068, stack(0x0000000028eb0000,0x0000000028fb0000)]
  0x0000000021d85800 JavaThread "jar transforms Thread 635" [_thread_blocked, id=8900, stack(0x0000000028db0000,0x0000000028eb0000)]
  0x0000000021d87000 JavaThread "jar transforms Thread 634" [_thread_blocked, id=1476, stack(0x0000000028cb0000,0x0000000028db0000)]
  0x0000000021d86000 JavaThread "jar transforms Thread 633" [_thread_blocked, id=7148, stack(0x0000000028bb0000,0x0000000028cb0000)]
  0x0000000021d89000 JavaThread "jar transforms Thread 632" [_thread_blocked, id=5824, stack(0x0000000028ab0000,0x0000000028bb0000)]
  0x0000000021d8b800 JavaThread "jar transforms Thread 631" [_thread_blocked, id=2296, stack(0x00000000289b0000,0x0000000028ab0000)]
  0x0000000022593000 JavaThread "jar transforms Thread 630" [_thread_blocked, id=2164, stack(0x00000000288b0000,0x00000000289b0000)]
  0x0000000022591800 JavaThread "jar transforms Thread 629" [_thread_blocked, id=7012, stack(0x00000000287b0000,0x00000000288b0000)]
  0x0000000022592800 JavaThread "jar transforms Thread 628" [_thread_blocked, id=7392, stack(0x00000000286b0000,0x00000000287b0000)]
  0x0000000022591000 JavaThread "jar transforms Thread 627" [_thread_blocked, id=6980, stack(0x00000000285b0000,0x00000000286b0000)]
  0x0000000022596000 JavaThread "jar transforms Thread 626" [_thread_blocked, id=7432, stack(0x00000000284b0000,0x00000000285b0000)]
  0x0000000022595800 JavaThread "jar transforms Thread 625" [_thread_blocked, id=2548, stack(0x00000000283b0000,0x00000000284b0000)]
  0x0000000022594800 JavaThread "jar transforms Thread 624" [_thread_blocked, id=9712, stack(0x00000000282b0000,0x00000000283b0000)]
  0x0000000022594000 JavaThread "jar transforms Thread 623" [_thread_blocked, id=628, stack(0x00000000281b0000,0x00000000282b0000)]
  0x0000000022588800 JavaThread "jar transforms Thread 622" [_thread_blocked, id=1808, stack(0x00000000280b0000,0x00000000281b0000)]
  0x000000002258f800 JavaThread "jar transforms Thread 621" [_thread_blocked, id=8916, stack(0x0000000027fb0000,0x00000000280b0000)]
  0x0000000022588000 JavaThread "jar transforms Thread 620" [_thread_blocked, id=648, stack(0x0000000027eb0000,0x0000000027fb0000)]
  0x000000002258c800 JavaThread "jar transforms Thread 619" [_thread_blocked, id=6388, stack(0x0000000027db0000,0x0000000027eb0000)]
  0x000000002258b800 JavaThread "jar transforms Thread 618" [_thread_blocked, id=10356, stack(0x0000000027cb0000,0x0000000027db0000)]
  0x000000002258b000 JavaThread "jar transforms Thread 617" [_thread_blocked, id=3080, stack(0x0000000027bb0000,0x0000000027cb0000)]
  0x0000000022589800 JavaThread "jar transforms Thread 616" [_thread_blocked, id=1460, stack(0x0000000027ab0000,0x0000000027bb0000)]
  0x000000002258e800 JavaThread "jar transforms Thread 615" [_thread_blocked, id=3784, stack(0x00000000279b0000,0x0000000027ab0000)]
  0x0000000022587000 JavaThread "jar transforms Thread 614" [_thread_blocked, id=208, stack(0x00000000278b0000,0x00000000279b0000)]
  0x000000002258e000 JavaThread "jar transforms Thread 613" [_thread_blocked, id=3688, stack(0x00000000277b0000,0x00000000278b0000)]
  0x000000002258a000 JavaThread "jar transforms Thread 612" [_thread_blocked, id=10116, stack(0x00000000276b0000,0x00000000277b0000)]
  0x000000002258d000 JavaThread "jar transforms Thread 611" [_thread_blocked, id=6184, stack(0x00000000275b0000,0x00000000276b0000)]
  0x000000001d045800 JavaThread "jar transforms Thread 610" [_thread_blocked, id=2056, stack(0x00000000274b0000,0x00000000275b0000)]
  0x000000001d045000 JavaThread "jar transforms Thread 609" [_thread_blocked, id=8640, stack(0x00000000273b0000,0x00000000274b0000)]
  0x000000001d044000 JavaThread "jar transforms Thread 608" [_thread_blocked, id=8452, stack(0x00000000272b0000,0x00000000273b0000)]
  0x000000001d043800 JavaThread "jar transforms Thread 607" [_thread_blocked, id=7484, stack(0x00000000271b0000,0x00000000272b0000)]
  0x000000001d03c000 JavaThread "jar transforms Thread 606" [_thread_blocked, id=9752, stack(0x00000000270b0000,0x00000000271b0000)]
  0x000000001d042800 JavaThread "jar transforms Thread 605" [_thread_blocked, id=10076, stack(0x0000000026fb0000,0x00000000270b0000)]
  0x000000001d042000 JavaThread "jar transforms Thread 604" [_thread_blocked, id=2896, stack(0x0000000026eb0000,0x0000000026fb0000)]
  0x000000001d03a800 JavaThread "jar transforms Thread 603" [_thread_blocked, id=7492, stack(0x0000000026db0000,0x0000000026eb0000)]
  0x000000001d041000 JavaThread "jar transforms Thread 602" [_thread_blocked, id=4024, stack(0x0000000026cb0000,0x0000000026db0000)]
  0x000000001d039800 JavaThread "jar transforms Thread 601" [_thread_blocked, id=2660, stack(0x0000000026bb0000,0x0000000026cb0000)]
  0x000000001d040800 JavaThread "jar transforms Thread 600" [_thread_blocked, id=8288, stack(0x0000000026ab0000,0x0000000026bb0000)]
  0x000000001d039000 JavaThread "jar transforms Thread 599" [_thread_blocked, id=12088, stack(0x00000000269b0000,0x0000000026ab0000)]
  0x000000001d03f800 JavaThread "jar transforms Thread 598" [_thread_blocked, id=10256, stack(0x00000000268b0000,0x00000000269b0000)]
  0x000000001d03f000 JavaThread "jar transforms Thread 597" [_thread_blocked, id=12032, stack(0x00000000267b0000,0x00000000268b0000)]
  0x000000001d03b000 JavaThread "jar transforms Thread 596" [_thread_blocked, id=3468, stack(0x00000000266b0000,0x00000000267b0000)]
  0x000000001d038000 JavaThread "jar transforms Thread 595" [_thread_blocked, id=5108, stack(0x00000000265b0000,0x00000000266b0000)]
  0x000000001d037800 JavaThread "jar transforms Thread 594" [_thread_blocked, id=9992, stack(0x00000000264b0000,0x00000000265b0000)]
  0x000000001d03e000 JavaThread "jar transforms Thread 593" [_thread_blocked, id=11876, stack(0x00000000263b0000,0x00000000264b0000)]
  0x000000001d03d800 JavaThread "jar transforms Thread 592" [_thread_blocked, id=9000, stack(0x00000000262b0000,0x00000000263b0000)]
  0x000000001d03c800 JavaThread "jar transforms Thread 591" [_thread_blocked, id=5276, stack(0x00000000261b0000,0x00000000262b0000)]
  0x000000002ed42000 JavaThread "jar transforms Thread 590" [_thread_blocked, id=1556, stack(0x00000000260b0000,0x00000000261b0000)]
  0x000000002ed41000 JavaThread "jar transforms Thread 589" [_thread_blocked, id=9632, stack(0x0000000025fb0000,0x00000000260b0000)]
  0x000000002ed40800 JavaThread "jar transforms Thread 588" [_thread_blocked, id=10816, stack(0x0000000025eb0000,0x0000000025fb0000)]
  0x000000002ed42800 JavaThread "jar transforms Thread 587" [_thread_blocked, id=1176, stack(0x0000000025db0000,0x0000000025eb0000)]
  0x000000002ed3f800 JavaThread "jar transforms Thread 586" [_thread_blocked, id=604, stack(0x0000000025cb0000,0x0000000025db0000)]
  0x000000002ed39800 JavaThread "jar transforms Thread 585" [_thread_blocked, id=6496, stack(0x0000000025bb0000,0x0000000025cb0000)]
  0x000000002ed3f000 JavaThread "jar transforms Thread 584" [_thread_blocked, id=32, stack(0x0000000025ab0000,0x0000000025bb0000)]
  0x000000002ed3e000 JavaThread "jar transforms Thread 583" [_thread_blocked, id=6712, stack(0x00000000259b0000,0x0000000025ab0000)]
  0x000000002ed37800 JavaThread "jar transforms Thread 582" [_thread_blocked, id=7192, stack(0x00000000258b0000,0x00000000259b0000)]
  0x000000002ed38000 JavaThread "jar transforms Thread 581" [_thread_blocked, id=10400, stack(0x00000000257b0000,0x00000000258b0000)]
  0x000000002ed36800 JavaThread "jar transforms Thread 580" [_thread_blocked, id=848, stack(0x00000000256b0000,0x00000000257b0000)]
  0x000000002ed3d800 JavaThread "jar transforms Thread 579" [_thread_blocked, id=8800, stack(0x00000000255b0000,0x00000000256b0000)]
  0x000000002ed3c800 JavaThread "jar transforms Thread 578" [_thread_blocked, id=4068, stack(0x00000000254b0000,0x00000000255b0000)]
  0x000000002ed39000 JavaThread "jar transforms Thread 577" [_thread_blocked, id=8504, stack(0x0000000025280000,0x0000000025380000)]
  0x000000002ed36000 JavaThread "jar transforms Thread 576" [_thread_blocked, id=5068, stack(0x0000000025180000,0x0000000025280000)]
  0x000000002ed35000 JavaThread "jar transforms Thread 575" [_thread_blocked, id=1092, stack(0x0000000025080000,0x0000000025180000)]
  0x000000002ed3c000 JavaThread "jar transforms Thread 574" [_thread_blocked, id=1056, stack(0x0000000024f80000,0x0000000025080000)]
  0x000000002ed3b000 JavaThread "jar transforms Thread 573" [_thread_blocked, id=10632, stack(0x0000000024e80000,0x0000000024f80000)]
  0x000000002ed3a800 JavaThread "jar transforms Thread 572" [_thread_blocked, id=1728, stack(0x0000000024d80000,0x0000000024e80000)]
  0x000000002ed34800 JavaThread "jar transforms Thread 571" [_thread_blocked, id=8312, stack(0x0000000024c80000,0x0000000024d80000)]
  0x000000002ed29000 JavaThread "Daemon worker Thread 6" [_thread_blocked, id=6060, stack(0x000000001dc60000,0x000000001dd60000)]
  0x000000002ed27800 JavaThread "Daemon Thread 6" [_thread_blocked, id=7940, stack(0x0000000001360000,0x0000000001460000)]
  0x00000000222a7000 JavaThread "Cache worker for Java compile cache (C:\Users\ASUS\.gradle\caches\6.5\javaCompile)" [_thread_blocked, id=9248, stack(0x0000000030860000,0x0000000030960000)]
  0x000000002229f800 JavaThread "RMI Reaper" [_thread_blocked, id=9928, stack(0x0000000030460000,0x0000000030560000)]
  0x00000000222a6000 JavaThread "RMI TCP Accept-0" daemon [_thread_in_native, id=11964, stack(0x0000000030360000,0x0000000030460000)]
  0x00000000222a2800 JavaThread "GC Daemon" daemon [_thread_blocked, id=8120, stack(0x0000000030260000,0x0000000030360000)]
  0x00000000222a5800 JavaThread "RMI Scheduler(0)" daemon [_thread_blocked, id=12200, stack(0x0000000030060000,0x0000000030160000)]
  0x000000001d046800 JavaThread "Memory manager" [_thread_blocked, id=5212, stack(0x000000002db10000,0x000000002dc10000)]
  0x000000001cdc8000 JavaThread "Cache worker for file content cache (C:\Users\ASUS\.gradle\caches\6.5\fileContent)" [_thread_blocked, id=7936, stack(0x00000000231b0000,0x00000000232b0000)]
  0x000000001cdc4800 JavaThread "Cache worker for execution history cache (C:\Users\ASUS\.gradle\caches\6.5\executionHistory)" [_thread_blocked, id=764, stack(0x00000000229b0000,0x0000000022ab0000)]
  0x000000001cdc9000 JavaThread "Cache worker for file hash cache (C:\Users\ASUS\.gradle\caches\6.5\fileHashes)" [_thread_blocked, id=3316, stack(0x000000001eeb0000,0x000000001efb0000)]
  0x000000001cdca800 JavaThread "File lock request listener" [_thread_in_native, id=12052, stack(0x000000001edb0000,0x000000001eeb0000)]
  0x000000001ccbb800 JavaThread "Cache worker for journal cache (C:\Users\ASUS\.gradle\caches\journal-1)" [_thread_blocked, id=2860, stack(0x000000001ecb0000,0x000000001edb0000)]
  0x000000001ca60000 JavaThread "Daemon periodic checks" [_thread_blocked, id=10636, stack(0x000000001e0b0000,0x000000001e1b0000)]
  0x000000001ca0f000 JavaThread "Incoming local TCP Connector on port 62696" [_thread_in_native, id=4160, stack(0x000000001de60000,0x000000001df60000)]
  0x000000001c941800 JavaThread "Daemon health stats" [_thread_blocked, id=3416, stack(0x000000001d820000,0x000000001d920000)]
  0x000000001a033800 JavaThread "Service Thread" daemon [_thread_blocked, id=8872, stack(0x000000001ac80000,0x000000001ad80000)]
  0x0000000019fb5800 JavaThread "C1 CompilerThread3" daemon [_thread_blocked, id=7832, stack(0x000000001ab80000,0x000000001ac80000)]
  0x0000000019fa7800 JavaThread "C2 CompilerThread2" daemon [_thread_blocked, id=6540, stack(0x000000001aa80000,0x000000001ab80000)]
  0x000000001818b000 JavaThread "C2 CompilerThread1" daemon [_thread_blocked, id=3152, stack(0x000000001a980000,0x000000001aa80000)]
  0x0000000018188000 JavaThread "C2 CompilerThread0" daemon [_thread_blocked, id=10924, stack(0x000000001a880000,0x000000001a980000)]
  0x0000000019fa4000 JavaThread "Attach Listener" daemon [_thread_blocked, id=1624, stack(0x000000001a780000,0x000000001a880000)]
  0x0000000019fa3000 JavaThread "Signal Dispatcher" daemon [_thread_blocked, id=2124, stack(0x000000001a680000,0x000000001a780000)]
  0x000000000310d800 JavaThread "Finalizer" daemon [_thread_blocked, id=3004, stack(0x000000001a470000,0x000000001a570000)]
  0x000000001817c800 JavaThread "Reference Handler" daemon [_thread_blocked, id=7180, stack(0x000000001a370000,0x000000001a470000)]
  0x000000000116d800 JavaThread "main" [_thread_blocked, id=8012, stack(0x0000000002f10000,0x0000000003010000)]

Other Threads:
  0x0000000018177800 VMThread [stack: 0x0000000019e70000,0x0000000019f70000] [id=10168]
  0x000000001a034800 WatcherThread [stack: 0x000000001ad80000,0x000000001ae80000] [id=8020]

=>0x0000000003034800 (exited) GCTaskThread [stack: 0x0000000013290000,0x0000000013390000] [id=6380]

VM state:at safepoint (normal execution)

VM Mutex/Monitor currently owned by a thread:  ([mutex/lock_event])
[0x000000000116c230] Threads_lock - owner thread: 0x0000000018177800
[0x000000000116ce30] Heap_lock - owner thread: 0x000000002ed29000

heap address: 0x0000000080000000, size: 2048 MB, Compressed Oops mode: 32-bit
Narrow klass base: 0x0000000000000000, Narrow klass shift: 3
Compressed class space size: 1073741824 Address: 0x0000000100000000

Heap:
 PSYoungGen      total 358912K, used 354954K [0x00000000d5580000, 0x00000000f3d00000, 0x0000000100000000)
  eden space 266752K, 100% used [0x00000000d5580000,0x00000000e5a00000,0x00000000e5a00000)
  from space 92160K, 95% used [0x00000000ec200000,0x00000000f1822888,0x00000000f1c00000)
  to   space 106496K, 43% used [0x00000000e5a00000,0x00000000e87a7410,0x00000000ec200000)
 ParOldGen       total 346624K, used 88811K [0x0000000080000000, 0x0000000095280000, 0x00000000d5580000)
  object space 346624K, 25% used [0x0000000080000000,0x00000000856bac78,0x0000000095280000)
 Metaspace       used 100552K, capacity 106322K, committed 106392K, reserved 1140736K
  class space    used 13172K, capacity 14199K, committed 14256K, reserved 1048576K

Card table byte_map: [0x00000000124d0000,0x00000000128e0000] byte_map_base: 0x00000000120d0000

Marking Bits: (ParMarkBitMap*) 0x000000005feff030
 Begin Bits: [0x0000000013390000, 0x0000000015390000)
 End Bits:   [0x0000000015390000, 0x0000000017390000)

Polling page: 0x0000000000df0000

CodeCache: size=245760Kb used=56468Kb max_used=56555Kb free=189291Kb
 bounds [0x0000000003110000, 0x00000000068a0000, 0x0000000012110000]
 total_blobs=17577 nmethods=16651 adapters=836
 compilation: enabled

Compilation events (10 events):
Event: 2907.350 Thread 0x000000001818b000 nmethod 21593 0x000000000687ef10 code [0x000000000687f060, 0x000000000687f0f8]
Event: 2907.353 Thread 0x000000001818b000 21595       4       org.gradle.api.internal.artifacts.ivyservice.resolveengine.graph.builder.SelectorState::update (95 bytes)
Event: 2907.357 Thread 0x0000000019fb5800 21598       3       org.gradle.api.internal.artifacts.ivyservice.ivyresolve.strategy.VersionParser::parse (303 bytes)
Event: 2907.359 Thread 0x0000000019fb5800 nmethod 21598 0x00000000068978d0 code [0x0000000006897ca0, 0x000000000689a5b8]
Event: 2907.359 Thread 0x0000000019fb5800 21597       3       org.gradle.api.internal.artifacts.ivyservice.ivyresolve.strategy.VersionParser$$Lambda$179/1500062314::apply (12 bytes)
Event: 2907.359 Thread 0x0000000019fa7800 nmethod 21590 0x00000000044bead0 code [0x00000000044bece0, 0x00000000044bfe58]
Event: 2907.359 Thread 0x0000000019fa7800 21596   !   4       org.gradle.cache.internal.DefaultCacheAccess::takeOwnership (50 bytes)
Event: 2907.359 Thread 0x0000000019fb5800 nmethod 21597 0x0000000003ea0b90 code [0x0000000003ea0d00, 0x0000000003ea0f88]
Event: 2907.361 Thread 0x0000000019fa7800 nmethod 21596 0x00000000040f4f90 code [0x00000000040f5100, 0x00000000040f5258]
Event: 2907.361 Thread 0x0000000019fa7800 21599       4       org.gradle.internal.component.external.model.JavaEcosystemVariantDerivationStrategy::platformWithUsageAttribute (88 bytes)

GC Heap History (10 events):
Event: 2605.147 GC heap after
Heap after GC invocations=24 (full 4):
 PSYoungGen      total 333312K, used 14697K [0x00000000d5580000, 0x00000000ee780000, 0x0000000100000000)
  eden space 274432K, 0% used [0x00000000d5580000,0x00000000d5580000,0x00000000e6180000)
  from space 58880K, 24% used [0x00000000eae00000,0x00000000ebc5a768,0x00000000ee780000)
  to   space 68608K, 0% used [0x00000000e6180000,0x00000000e6180000,0x00000000ea480000)
 ParOldGen       total 346624K, used 67468K [0x0000000080000000, 0x0000000095280000, 0x00000000d5580000)
  object space 346624K, 19% used [0x0000000080000000,0x00000000841e32f8,0x0000000095280000)
 Metaspace       used 98948K, capacity 103946K, committed 104216K, reserved 1138688K
  class space    used 13034K, capacity 13951K, committed 14128K, reserved 1048576K
}
Event: 2608.005 GC heap before
{Heap before GC invocations=25 (full 4):
 PSYoungGen      total 333312K, used 289129K [0x00000000d5580000, 0x00000000ee780000, 0x0000000100000000)
  eden space 274432K, 100% used [0x00000000d5580000,0x00000000e6180000,0x00000000e6180000)
  from space 58880K, 24% used [0x00000000eae00000,0x00000000ebc5a768,0x00000000ee780000)
  to   space 68608K, 0% used [0x00000000e6180000,0x00000000e6180000,0x00000000ea480000)
 ParOldGen       total 346624K, used 67468K [0x0000000080000000, 0x0000000095280000, 0x00000000d5580000)
  object space 346624K, 19% used [0x0000000080000000,0x00000000841e32f8,0x0000000095280000)
 Metaspace       used 99394K, capacity 104420K, committed 104728K, reserved 1140736K
  class space    used 13044K, capacity 13962K, committed 14128K, reserved 1048576K
Event: 2608.023 GC heap after
Heap after GC invocations=25 (full 4):
 PSYoungGen      total 288768K, used 21219K [0x00000000d5580000, 0x00000000ed980000, 0x0000000100000000)
  eden space 267264K, 0% used [0x00000000d5580000,0x00000000d5580000,0x00000000e5a80000)
  from space 21504K, 98% used [0x00000000e6180000,0x00000000e7638ea0,0x00000000e7680000)
  to   space 65024K, 0% used [0x00000000e9a00000,0x00000000e9a00000,0x00000000ed980000)
 ParOldGen       total 346624K, used 67476K [0x0000000080000000, 0x0000000095280000, 0x00000000d5580000)
  object space 346624K, 19% used [0x0000000080000000,0x00000000841e52f8,0x0000000095280000)
 Metaspace       used 99394K, capacity 104420K, committed 104728K, reserved 1140736K
  class space    used 13044K, capacity 13962K, committed 14128K, reserved 1048576K
}
Event: 2608.880 GC heap before
{Heap before GC invocations=26 (full 4):
 PSYoungGen      total 288768K, used 288474K [0x00000000d5580000, 0x00000000ed980000, 0x0000000100000000)
  eden space 267264K, 99% used [0x00000000d5580000,0x00000000e5a7da50,0x00000000e5a80000)
  from space 21504K, 98% used [0x00000000e6180000,0x00000000e7638ea0,0x00000000e7680000)
  to   space 65024K, 0% used [0x00000000e9a00000,0x00000000e9a00000,0x00000000ed980000)
 ParOldGen       total 346624K, used 67476K [0x0000000080000000, 0x0000000095280000, 0x00000000d5580000)
  object space 346624K, 19% used [0x0000000080000000,0x00000000841e52f8,0x0000000095280000)
 Metaspace       used 99552K, capacity 104616K, committed 104984K, reserved 1140736K
  class space    used 13057K, capacity 14004K, committed 14128K, reserved 1048576K
Event: 2608.922 GC heap after
Heap after GC invocations=26 (full 4):
 PSYoungGen      total 313344K, used 65016K [0x00000000d5580000, 0x00000000f2800000, 0x0000000100000000)
  eden space 248320K, 0% used [0x00000000d5580000,0x00000000d5580000,0x00000000e4800000)
  from space 65024K, 99% used [0x00000000e9a00000,0x00000000ed97e0e8,0x00000000ed980000)
  to   space 83968K, 0% used [0x00000000e4800000,0x00000000e4800000,0x00000000e9a00000)
 ParOldGen       total 346624K, used 88611K [0x0000000080000000, 0x0000000095280000, 0x00000000d5580000)
  object space 346624K, 25% used [0x0000000080000000,0x0000000085688c58,0x0000000095280000)
 Metaspace       used 99552K, capacity 104616K, committed 104984K, reserved 1140736K
  class space    used 13057K, capacity 14004K, committed 14128K, reserved 1048576K
}
Event: 2876.074 GC heap before
{Heap before GC invocations=27 (full 4):
 PSYoungGen      total 313344K, used 313336K [0x00000000d5580000, 0x00000000f2800000, 0x0000000100000000)
  eden space 248320K, 100% used [0x00000000d5580000,0x00000000e4800000,0x00000000e4800000)
  from space 65024K, 99% used [0x00000000e9a00000,0x00000000ed97e0e8,0x00000000ed980000)
  to   space 83968K, 0% used [0x00000000e4800000,0x00000000e4800000,0x00000000e9a00000)
 ParOldGen       total 346624K, used 88611K [0x0000000080000000, 0x0000000095280000, 0x00000000d5580000)
  object space 346624K, 25% used [0x0000000080000000,0x0000000085688c58,0x0000000095280000)
 Metaspace       used 99935K, capacity 105074K, committed 105240K, reserved 1140736K
  class space    used 13092K, capacity 14059K, committed 14128K, reserved 1048576K
Event: 2876.135 GC heap after
Heap after GC invocations=27 (full 4):
 PSYoungGen      total 332288K, used 67934K [0x00000000d5580000, 0x00000000f1c00000, 0x0000000100000000)
  eden space 248320K, 0% used [0x00000000d5580000,0x00000000d5580000,0x00000000e4800000)
  from space 83968K, 80% used [0x00000000e4800000,0x00000000e8a57ac0,0x00000000e9a00000)
  to   space 92160K, 0% used [0x00000000ec200000,0x00000000ec200000,0x00000000f1c00000)
 ParOldGen       total 346624K, used 88795K [0x0000000080000000, 0x0000000095280000, 0x00000000d5580000)
  object space 346624K, 25% used [0x0000000080000000,0x00000000856b6c78,0x0000000095280000)
 Metaspace       used 99935K, capacity 105074K, committed 105240K, reserved 1140736K
  class space    used 13092K, capacity 14059K, committed 14128K, reserved 1048576K
}
Event: 2878.534 GC heap before
{Heap before GC invocations=28 (full 4):
 PSYoungGen      total 332288K, used 316254K [0x00000000d5580000, 0x00000000f1c00000, 0x0000000100000000)
  eden space 248320K, 100% used [0x00000000d5580000,0x00000000e4800000,0x00000000e4800000)
  from space 83968K, 80% used [0x00000000e4800000,0x00000000e8a57ac0,0x00000000e9a00000)
  to   space 92160K, 0% used [0x00000000ec200000,0x00000000ec200000,0x00000000f1c00000)
 ParOldGen       total 346624K, used 88795K [0x0000000080000000, 0x0000000095280000, 0x00000000d5580000)
  object space 346624K, 25% used [0x0000000080000000,0x00000000856b6c78,0x0000000095280000)
 Metaspace       used 100507K, capacity 106228K, committed 106392K, reserved 1140736K
  class space    used 13170K, capacity 14196K, committed 14256K, reserved 1048576K
Event: 2878.595 GC heap after
Heap after GC invocations=28 (full 4):
 PSYoungGen      total 358912K, used 88202K [0x00000000d5580000, 0x00000000f3d00000, 0x0000000100000000)
  eden space 266752K, 0% used [0x00000000d5580000,0x00000000d5580000,0x00000000e5a00000)
  from space 92160K, 95% used [0x00000000ec200000,0x00000000f1822888,0x00000000f1c00000)
  to   space 106496K, 0% used [0x00000000e5a00000,0x00000000e5a00000,0x00000000ec200000)
 ParOldGen       total 346624K, used 88803K [0x0000000080000000, 0x0000000095280000, 0x00000000d5580000)
  object space 346624K, 25% used [0x0000000080000000,0x00000000856b8c78,0x0000000095280000)
 Metaspace       used 100507K, capacity 106228K, committed 106392K, reserved 1140736K
  class space    used 13170K, capacity 14196K, committed 14256K, reserved 1048576K
}
Event: 2907.362 GC heap before
{Heap before GC invocations=29 (full 4):
 PSYoungGen      total 358912K, used 354954K [0x00000000d5580000, 0x00000000f3d00000, 0x0000000100000000)
  eden space 266752K, 100% used [0x00000000d5580000,0x00000000e5a00000,0x00000000e5a00000)
  from space 92160K, 95% used [0x00000000ec200000,0x00000000f1822888,0x00000000f1c00000)
  to   space 106496K, 0% used [0x00000000e5a00000,0x00000000e5a00000,0x00000000ec200000)
 ParOldGen       total 346624K, used 88803K [0x0000000080000000, 0x0000000095280000, 0x00000000d5580000)
  object space 346624K, 25% used [0x0000000080000000,0x00000000856b8c78,0x0000000095280000)
 Metaspace       used 100552K, capacity 106322K, committed 106392K, reserved 1140736K
  class space    used 13172K, capacity 14199K, committed 14256K, reserved 1048576K

Deoptimization events (10 events):
Event: 2878.394 Thread 0x00000000222ac000 Uncommon trap: reason=array_check action=maybe_recompile pc=0x000000000656d1ac method=java.util.TimSort.mergeLo(IIII)V @ 133
Event: 2878.394 Thread 0x00000000222ac000 Uncommon trap: reason=array_check action=maybe_recompile pc=0x000000000656d06c method=java.util.TimSort.mergeLo(IIII)V @ 375
Event: 2878.395 Thread 0x00000000222ac000 Uncommon trap: reason=array_check action=maybe_recompile pc=0x000000000656d1ac method=java.util.TimSort.mergeLo(IIII)V @ 133
Event: 2878.436 Thread 0x00000000222ab800 Uncommon trap: reason=array_check action=maybe_recompile pc=0x0000000003c86a68 method=java.util.TimSort.mergeHi(IIII)V @ 657
Event: 2878.438 Thread 0x00000000222ab800 Uncommon trap: reason=array_check action=maybe_recompile pc=0x0000000003c86a68 method=java.util.TimSort.mergeHi(IIII)V @ 657
Event: 2878.750 Thread 0x000000001cdc5000 Uncommon trap: reason=unstable_if action=reinterpret pc=0x00000000035a2d18 method=java.util.concurrent.ForkJoinPool.scan(Ljava/util/concurrent/ForkJoinPool$WorkQueue;I)Ljava/util/concurrent/ForkJoinTask; @ 136
Event: 2879.554 Thread 0x00000000222a3000 Uncommon trap: reason=unstable_if action=reinterpret pc=0x000000000682d478 method=java.util.concurrent.ForkJoinPool.signalWork([Ljava/util/concurrent/ForkJoinPool$WorkQueue;Ljava/util/concurrent/ForkJoinPool$WorkQueue;)V @ 16
Event: 2879.554 Thread 0x00000000222a0000 Uncommon trap: reason=unstable_if action=reinterpret pc=0x000000000682d478 method=java.util.concurrent.ForkJoinPool.signalWork([Ljava/util/concurrent/ForkJoinPool$WorkQueue;Ljava/util/concurrent/ForkJoinPool$WorkQueue;)V @ 16
Event: 2879.554 Thread 0x00000000222aa000 Uncommon trap: reason=unstable_if action=reinterpret pc=0x000000000682dffc method=java.util.concurrent.ForkJoinPool.signalWork([Ljava/util/concurrent/ForkJoinPool$WorkQueue;Ljava/util/concurrent/ForkJoinPool$WorkQueue;)V @ 16
Event: 2907.316 Thread 0x000000001f6a2000 Uncommon trap: reason=unstable_if action=reinterpret pc=0x0000000003d48e68 method=org.gradle.internal.logging.sink.OutputEventRenderer.onOutput(Lorg/gradle/internal/logging/events/OutputEvent;)V @ 24

Classes redefined (0 events):
No events

Internal exceptions (10 events):
Event: 2878.041 Thread 0x0000000020aed800 Exception <a 'sun/nio/fs/WindowsException'> (0x00000000daff62c0) thrown at [C:\src\AOSP-openjdk-git\hotspot\src\share\vm\prims\jni.cpp, line 710]
Event: 2878.041 Thread 0x0000000020aed800 Exception <a 'sun/nio/fs/WindowsException'> (0x00000000daff80f0) thrown at [C:\src\AOSP-openjdk-git\hotspot\src\share\vm\prims\jni.cpp, line 710]
Event: 2878.042 Thread 0x0000000020aed800 Exception <a 'sun/nio/fs/WindowsException'> (0x00000000daff8e20) thrown at [C:\src\AOSP-openjdk-git\hotspot\src\share\vm\prims\jni.cpp, line 710]
Event: 2878.178 Thread 0x0000000020aed800 Exception <a 'sun/nio/fs/WindowsException'> (0x00000000dbc3e100) thrown at [C:\src\AOSP-openjdk-git\hotspot\src\share\vm\prims\jni.cpp, line 710]
Event: 2878.178 Thread 0x0000000020aed800 Exception <a 'sun/nio/fs/WindowsException'> (0x00000000dbc3ee10) thrown at [C:\src\AOSP-openjdk-git\hotspot\src\share\vm\prims\jni.cpp, line 710]
Event: 2878.261 Thread 0x0000000020aed800 Exception <a 'sun/nio/fs/WindowsException'> (0x00000000dd8bfdf0) thrown at [C:\src\AOSP-openjdk-git\hotspot\src\share\vm\prims\jni.cpp, line 710]
Event: 2878.267 Thread 0x0000000020af0800 Exception <a 'sun/nio/fs/WindowsException'> (0x00000000dd9b20e8) thrown at [C:\src\AOSP-openjdk-git\hotspot\src\share\vm\prims\jni.cpp, line 710]
Event: 2878.326 Thread 0x0000000020af0800 Exception <a 'sun/nio/fs/WindowsException'> (0x00000000e012f578) thrown at [C:\src\AOSP-openjdk-git\hotspot\src\share\vm\prims\jni.cpp, line 710]
Event: 2878.508 Thread 0x00000000222a7800 Exception <a 'sun/nio/fs/WindowsException'> (0x00000000e3096aa0) thrown at [C:\src\AOSP-openjdk-git\hotspot\src\share\vm\prims\jni.cpp, line 710]
Event: 2879.380 Thread 0x00000000222ad800 Exception <a 'sun/nio/fs/WindowsException'> (0x00000000e3a54b80) thrown at [C:\src\AOSP-openjdk-git\hotspot\src\share\vm\prims\jni.cpp, line 710]

Events (10 events):
Event: 2907.316 Thread 0x000000001f6a2000 Thread added: 0x000000001f6a2000
Event: 2907.316 Thread 0x000000001f6a5800 Thread added: 0x000000001f6a5800
Event: 2907.316 Thread 0x000000001f6a2000 Uncommon trap: trap_request=0xffffff65 fr.pc=0x0000000003d48e68
Event: 2907.316 Thread 0x000000001f6a2000 DEOPT PACKING pc=0x0000000003d48e68 sp=0x000000001e3ae910
Event: 2907.316 Thread 0x000000001f6a2000 DEOPT UNPACKING pc=0x000000000315557b sp=0x000000001e3ae878 mode 2
Event: 2907.320 Thread 0x000000001f69f000 Thread added: 0x000000001f69f000
Event: 2907.324 Thread 0x000000001f6a8800 Thread added: 0x000000001f6a8800
Event: 2907.325 Thread 0x000000001f6a6800 Thread added: 0x000000001f6a6800
Event: 2907.327 Thread 0x000000001f6a9800 Thread added: 0x000000001f6a9800
Event: 2907.362 Executing VM operation: ParallelGCFailedAllocation


Dynamic libraries:
0x00007ff6385f0000 - 0x00007ff638621000 	C:\Program Files\Android\Android Studio\jre\bin\java.exe
0x00007ff82be20000 - 0x00007ff82c010000 	C:\WINDOWS\SYSTEM32\ntdll.dll
0x00007ff82a080000 - 0x00007ff82a132000 	C:\WINDOWS\System32\KERNEL32.DLL
0x00007ff8292b0000 - 0x00007ff829555000 	C:\WINDOWS\System32\KERNELBASE.dll
0x00007ff82a220000 - 0x00007ff82a2c3000 	C:\WINDOWS\System32\ADVAPI32.dll
0x00007ff82a720000 - 0x00007ff82a7be000 	C:\WINDOWS\System32\msvcrt.dll
0x00007ff82a860000 - 0x00007ff82a8f7000 	C:\WINDOWS\System32\sechost.dll
0x00007ff82af80000 - 0x00007ff82b09f000 	C:\WINDOWS\System32\RPCRT4.dll
0x00007ff82a970000 - 0x00007ff82ab04000 	C:\WINDOWS\System32\USER32.dll
0x00007ff828da0000 - 0x00007ff828dc1000 	C:\WINDOWS\System32\win32u.dll
0x00007ff82a7c0000 - 0x00007ff82a7e6000 	C:\WINDOWS\System32\GDI32.dll
0x00007ff8295b0000 - 0x00007ff829748000 	C:\WINDOWS\System32\gdi32full.dll
0x00007ff828f70000 - 0x00007ff82900e000 	C:\WINDOWS\System32\msvcp_win.dll
0x00007ff829010000 - 0x00007ff82910a000 	C:\WINDOWS\System32\ucrtbase.dll
0x00007ff819440000 - 0x00007ff8196c4000 	C:\WINDOWS\WinSxS\amd64_microsoft.windows.common-controls_6595b64144ccf1df_6.0.18362.1379_none_9e7ff3b3e45cc0c4\COMCTL32.dll
0x00007ff82baa0000 - 0x00007ff82bdd7000 	C:\WINDOWS\System32\combase.dll
0x00007ff828e80000 - 0x00007ff828f01000 	C:\WINDOWS\System32\bcryptPrimitives.dll
0x00007ff82b380000 - 0x00007ff82b3ae000 	C:\WINDOWS\System32\IMM32.DLL
0x000000005ebe0000 - 0x000000005ecb2000 	C:\Program Files\Android\Android Studio\jre\jre\bin\msvcr100.dll
0x000000005f730000 - 0x000000005ff7b000 	C:\Program Files\Android\Android Studio\jre\jre\bin\server\jvm.dll
0x00007ff82a330000 - 0x00007ff82a338000 	C:\WINDOWS\System32\PSAPI.DLL
0x00007ff824160000 - 0x00007ff824169000 	C:\WINDOWS\SYSTEM32\WSOCK32.dll
0x00007ff826c10000 - 0x00007ff826c34000 	C:\WINDOWS\SYSTEM32\WINMM.dll
0x00007ff8206c0000 - 0x00007ff8206ca000 	C:\WINDOWS\SYSTEM32\VERSION.dll
0x00007ff82a7f0000 - 0x00007ff82a85f000 	C:\WINDOWS\System32\WS2_32.dll
0x00007ff826be0000 - 0x00007ff826c0d000 	C:\WINDOWS\SYSTEM32\WINMMBASE.dll
0x00007ff829110000 - 0x00007ff82915a000 	C:\WINDOWS\System32\cfgmgr32.dll
0x00007ff823c60000 - 0x00007ff823c6f000 	C:\Program Files\Android\Android Studio\jre\jre\bin\verify.dll
0x00007ff81c3d0000 - 0x00007ff81c3f9000 	C:\Program Files\Android\Android Studio\jre\jre\bin\java.dll
0x00007ff822c10000 - 0x00007ff822c26000 	C:\Program Files\Android\Android Studio\jre\jre\bin\zip.dll
0x00007ff82b3b0000 - 0x00007ff82ba98000 	C:\WINDOWS\System32\SHELL32.dll
0x00007ff82b120000 - 0x00007ff82b1c7000 	C:\WINDOWS\System32\shcore.dll
0x00007ff829750000 - 0x00007ff829ecb000 	C:\WINDOWS\System32\windows.storage.dll
0x00007ff828ce0000 - 0x00007ff828d03000 	C:\WINDOWS\System32\profapi.dll
0x00007ff828d30000 - 0x00007ff828d7a000 	C:\WINDOWS\System32\powrprof.dll
0x00007ff828cd0000 - 0x00007ff828ce0000 	C:\WINDOWS\System32\UMPDC.dll
0x00007ff82a2d0000 - 0x00007ff82a322000 	C:\WINDOWS\System32\shlwapi.dll
0x00007ff828d10000 - 0x00007ff828d21000 	C:\WINDOWS\System32\kernel.appcore.dll
0x00007ff829560000 - 0x00007ff829577000 	C:\WINDOWS\System32\cryptsp.dll
0x00007ff822180000 - 0x00007ff82219a000 	C:\Program Files\Android\Android Studio\jre\jre\bin\net.dll
0x00007ff828510000 - 0x00007ff828577000 	C:\WINDOWS\system32\mswsock.dll
0x00007ff81d010000 - 0x00007ff81d023000 	C:\Program Files\Android\Android Studio\jre\jre\bin\nio.dll
0x00007ff812400000 - 0x00007ff812427000 	C:\Users\ASUS\.gradle\native\f6784746aeab05261644944871eae4fe03e0ef1612fff0a4a95f87b438bc6780\windows-amd64\native-platform.dll
0x00007ff823410000 - 0x00007ff82341d000 	C:\Program Files\Android\Android Studio\jre\jre\bin\management.dll
0x00007ff828090000 - 0x00007ff8280c3000 	C:\WINDOWS\system32\rsaenh.dll
0x00007ff829580000 - 0x00007ff8295a6000 	C:\WINDOWS\System32\bcrypt.dll
0x00007ff828bb0000 - 0x00007ff828bd5000 	C:\WINDOWS\SYSTEM32\USERENV.dll
0x00007ff8286e0000 - 0x00007ff8286ec000 	C:\WINDOWS\SYSTEM32\CRYPTBASE.dll
0x00007ff828220000 - 0x00007ff82825a000 	C:\WINDOWS\SYSTEM32\IPHLPAPI.DLL
0x00007ff82a140000 - 0x00007ff82a148000 	C:\WINDOWS\System32\NSI.dll
0x00007ff8209c0000 - 0x00007ff8209d6000 	C:\WINDOWS\SYSTEM32\dhcpcsvc6.DLL
0x00007ff820e80000 - 0x00007ff820e9c000 	C:\WINDOWS\SYSTEM32\dhcpcsvc.DLL
0x00007ff828260000 - 0x00007ff82832b000 	C:\WINDOWS\SYSTEM32\DNSAPI.dll
0x00007ff822700000 - 0x00007ff82270b000 	C:\WINDOWS\SYSTEM32\WINNSI.DLL
0x00007ff822c30000 - 0x00007ff822c4e000 	C:\Users\ASUS\AppData\Local\Temp\native-platform347260003194960885dir\native-platform.dll
0x00007ff8146a0000 - 0x00007ff814894000 	C:\WINDOWS\SYSTEM32\dbghelp.dll

VM Arguments:
jvm_args: -Xmx2048m -Dfile.encoding=UTF-8 -Duser.country=RU -Duser.language=ru -Duser.variant 
java_command: org.gradle.launcher.daemon.bootstrap.GradleDaemon 6.5
java_class_path (initial): C:\Users\ASUS\.gradle\wrapper\dists\gradle-6.5-bin\6nifqtx7604sqp1q6g8wikw7p\gradle-6.5\lib\gradle-launcher-6.5.jar
Launcher Type: SUN_STANDARD

Environment Variables:
PATH=C:\WINDOWS\system32;C:\WINDOWS;C:\WINDOWS\System32\Wbem;C:\WINDOWS\System32\WindowsPowerShell\v1.0\;C:\WINDOWS\System32\OpenSSH\;C:\Users\ASUS\AppData\Local\Microsoft\WindowsApps;
USERNAME=ASUS
OS=Windows_NT
PROCESSOR_IDENTIFIER=Intel64 Family 6 Model 60 Stepping 3, GenuineIntel



---------------  S Y S T E M  ---------------

OS: Windows 10.0 , 64 bit Build 18362 (10.0.18362.1350)

CPU:total 8 (initial active 8) (4 cores per cpu, 2 threads per core) family 6 model 60 stepping 3, cmov, cx8, fxsr, mmx, sse, sse2, sse3, ssse3, sse4.1, sse4.2, popcnt, avx, avx2, aes, clmul, erms, lzcnt, ht, tsc, tscinvbit, bmi1, bmi2

Memory: 4k page, physical 16663568k(10616112k free), swap 19153936k(12358484k free)

vm_info: OpenJDK 64-Bit Server VM (25.242-b01) for windows-amd64 JRE (1.8.0_242-release-1644-b01), built by "builder" with MS VC++ 10.0 (VS2010)

time: Thu Feb 18 11:33:46 2021
timezone: RTZ 2 (зима)
elapsed time: 2907 seconds (0d 0h 48m 27s)

